0 info it worked if it ends with ok
1 verbose cli [ '/Users/bmaggi/.nvm/versions/node/v6.9.1/bin/node',
1 verbose cli   '/Users/bmaggi/.nvm/versions/node/v6.9.1/bin/npm',
1 verbose cli   'run',
1 verbose cli   'testbm' ]
2 info using npm@3.10.8
3 info using node@v6.9.1
4 verbose run-script [ 'pretestbm', 'testbm', 'posttestbm' ]
5 info lifecycle @maggiben/kaffeine@1.0.0~pretestbm: @maggiben/kaffeine@1.0.0
6 silly lifecycle @maggiben/kaffeine@1.0.0~pretestbm: no script for pretestbm, continuing
7 info lifecycle @maggiben/kaffeine@1.0.0~testbm: @maggiben/kaffeine@1.0.0
8 verbose lifecycle @maggiben/kaffeine@1.0.0~testbm: unsafe-perm in lifecycle true
9 verbose lifecycle @maggiben/kaffeine@1.0.0~testbm: PATH: /Users/bmaggi/.nvm/versions/node/v6.9.1/lib/node_modules/npm/bin/node-gyp-bin:/Users/bmaggi/elementum/kaffeine/node_modules/.bin:/Users/bmaggi/.nvm/versions/node/v6.9.1/bin:/usr/local/bin:/usr/bin:/bin:/usr/sbin:/sbin
10 verbose lifecycle @maggiben/kaffeine@1.0.0~testbm: CWD: /Users/bmaggi/elementum/kaffeine
11 silly lifecycle @maggiben/kaffeine@1.0.0~testbm: Args: [ '-c',
11 silly lifecycle   'rm -fr ./dist/ && npm run transpile-app && npm run transpile-test && DEBUG=kaffeine:* mocha --compilers js:babel-core/register --timeout 15000 --check-leaks --reporter spec --bail dist/*-test.js' ]
12 silly lifecycle @maggiben/kaffeine@1.0.0~testbm: Returned: code: 1  signal: null
13 info lifecycle @maggiben/kaffeine@1.0.0~testbm: Failed to exec testbm script
14 verbose stack Error: @maggiben/kaffeine@1.0.0 testbm: `rm -fr ./dist/ && npm run transpile-app && npm run transpile-test && DEBUG=kaffeine:* mocha --compilers js:babel-core/register --timeout 15000 --check-leaks --reporter spec --bail dist/*-test.js`
14 verbose stack Exit status 1
14 verbose stack     at EventEmitter.<anonymous> (/Users/bmaggi/.nvm/versions/node/v6.9.1/lib/node_modules/npm/lib/utils/lifecycle.js:255:16)
14 verbose stack     at emitTwo (events.js:106:13)
14 verbose stack     at EventEmitter.emit (events.js:191:7)
14 verbose stack     at ChildProcess.<anonymous> (/Users/bmaggi/.nvm/versions/node/v6.9.1/lib/node_modules/npm/lib/utils/spawn.js:40:14)
14 verbose stack     at emitTwo (events.js:106:13)
14 verbose stack     at ChildProcess.emit (events.js:191:7)
14 verbose stack     at maybeClose (internal/child_process.js:877:16)
14 verbose stack     at Process.ChildProcess._handle.onexit (internal/child_process.js:226:5)
15 verbose pkgid @maggiben/kaffeine@1.0.0
16 verbose cwd /Users/bmaggi/elementum/kaffeine
17 error Darwin 16.3.0
18 error argv "/Users/bmaggi/.nvm/versions/node/v6.9.1/bin/node" "/Users/bmaggi/.nvm/versions/node/v6.9.1/bin/npm" "run" "testbm"
19 error node v6.9.1
20 error npm  v3.10.8
21 error code ELIFECYCLE
22 error @maggiben/kaffeine@1.0.0 testbm: `rm -fr ./dist/ && npm run transpile-app && npm run transpile-test && DEBUG=kaffeine:* mocha --compilers js:babel-core/register --timeout 15000 --check-leaks --reporter spec --bail dist/*-test.js`
22 error Exit status 1
23 error Failed at the @maggiben/kaffeine@1.0.0 testbm script 'rm -fr ./dist/ && npm run transpile-app && npm run transpile-test && DEBUG=kaffeine:* mocha --compilers js:babel-core/register --timeout 15000 --check-leaks --reporter spec --bail dist/*-test.js'.
23 error Make sure you have the latest version of node.js and npm installed.
23 error If you do, this is most likely a problem with the @maggiben/kaffeine package,
23 error not with npm itself.
23 error Tell the author that this fails on your system:
23 error     rm -fr ./dist/ && npm run transpile-app && npm run transpile-test && DEBUG=kaffeine:* mocha --compilers js:babel-core/register --timeout 15000 --check-leaks --reporter spec --bail dist/*-test.js
23 error You can get information on how to open an issue for this project with:
23 error     npm bugs @maggiben/kaffeine
23 error Or if that isn't available, you can get their info via:
23 error     npm owner ls @maggiben/kaffeine
23 error There is likely additional logging output above.
24 verbose exit [ 1, true ]
